01:13:45.291 [main] DEBUG org.apache.poi.openxml4j.opc.PackageRelationshipCollection - Parsing relationship: /_rels/.rels
01:13:45.316 [main] DEBUG org.apache.poi.ooxml.POIXMLFactory - using default POIXMLDocumentPart for http://schemas.openxmlformats.org/officeDocument/2006/relationships/printerSettings
01:13:45.335 [main] DEBUG org.apache.poi.openxml4j.opc.PackageRelationshipCollection - Parsing relationship: /xl/_rels/workbook.xml.rels
01:13:45.336 [main] DEBUG org.apache.poi.openxml4j.opc.PackageRelationshipCollection - Parsing relationship: /xl/worksheets/_rels/sheet1.xml.rels
01:13:45.348 [main] DEBUG org.apache.poi.openxml4j.opc.PackageRelationshipCollection - Parsing relationship: /_rels/.rels
01:13:45.366 [main] DEBUG org.apache.poi.ooxml.POIXMLFactory - using default POIXMLDocumentPart for http://schemas.openxmlformats.org/officeDocument/2006/relationships/printerSettings
01:13:45.388 [main] DEBUG org.apache.poi.openxml4j.opc.PackageRelationshipCollection - Parsing relationship: /xl/_rels/workbook.xml.rels
01:13:45.390 [main] DEBUG org.apache.poi.openxml4j.opc.PackageRelationshipCollection - Parsing relationship: /xl/worksheets/_rels/sheet1.xml.rels
01:13:45.391 [main] DEBUG org.apache.poi.openxml4j.opc.PackageRelationshipCollection - Parsing relationship: /_rels/.rels
01:13:45.405 [main] DEBUG org.apache.poi.ooxml.POIXMLFactory - using default POIXMLDocumentPart for http://schemas.openxmlformats.org/officeDocument/2006/relationships/printerSettings
01:13:45.426 [main] DEBUG org.apache.poi.openxml4j.opc.PackageRelationshipCollection - Parsing relationship: /xl/_rels/workbook.xml.rels
01:13:45.428 [main] DEBUG org.apache.poi.openxml4j.opc.PackageRelationshipCollection - Parsing relationship: /xl/worksheets/_rels/sheet1.xml.rels
01:13:45.429 [main] DEBUG org.apache.poi.openxml4j.opc.PackageRelationshipCollection - Parsing relationship: /_rels/.rels
01:13:45.445 [main] DEBUG org.apache.poi.ooxml.POIXMLFactory - using default POIXMLDocumentPart for http://schemas.openxmlformats.org/officeDocument/2006/relationships/printerSettings
01:13:45.467 [main] INFO  testCases.TC_003_LoginDDT - **** Starting TC_003_LoginDDT *****
01:13:47.944 [main] INFO  testCases.TC_003_LoginDDT - clicking mylink for logout button
01:13:48.032 [main] INFO  testCases.TC_003_LoginDDT - logging out
01:13:48.762 [main] INFO  testCases.TC_003_LoginDDT - log out successfuly
01:13:48.762 [main] INFO  testCases.TC_003_LoginDDT - **** Finished TC_003_LoginDDT *****
01:13:48.765 [main] INFO  testCases.TC_003_LoginDDT - **** Starting TC_003_LoginDDT *****
01:13:59.788 [main] INFO  testCases.TC_003_LoginDDT - **** Finished TC_003_LoginDDT *****
01:13:59.792 [main] INFO  testCases.TC_003_LoginDDT - **** Starting TC_003_LoginDDT *****
01:14:10.876 [main] INFO  testCases.TC_003_LoginDDT - **** Finished TC_003_LoginDDT *****
01:14:10.877 [main] INFO  testCases.TC_003_LoginDDT - **** Starting TC_003_LoginDDT *****
01:14:21.841 [main] INFO  testCases.TC_003_LoginDDT - **** Finished TC_003_LoginDDT *****
01:14:21.845 [main] INFO  testCases.TC_003_LoginDDT - **** Starting TC_003_LoginDDT *****
01:14:23.471 [main] INFO  testCases.TC_003_LoginDDT - clicking mylink for logout button
01:14:23.558 [main] INFO  testCases.TC_003_LoginDDT - logging out
01:14:24.109 [main] INFO  testCases.TC_003_LoginDDT - log out successfuly
01:14:24.110 [main] INFO  testCases.TC_003_LoginDDT - **** Finished TC_003_LoginDDT *****
